{
  "/Users/sreekanthpullat/Home/Personal/lerna/react-lerna-monorepo/packages/web/src/App.tsx": {
    "path": "/Users/sreekanthpullat/Home/Personal/lerna/react-lerna-monorepo/packages/web/src/App.tsx",
    "statementMap": {
      "0": {
        "start": { "line": 2, "column": 0 },
        "end": { "line": 2, "column": 28 }
      },
      "1": {
        "start": { "line": 6, "column": 2 },
        "end": { "line": 10, "column": 4 }
      },
      "2": {
        "start": { "line": 13, "column": 0 },
        "end": { "line": 13, "column": 19 }
      }
    },
    "fnMap": {
      "0": {
        "name": "App",
        "decl": {
          "start": { "line": 5, "column": 9 },
          "end": { "line": 5, "column": 12 }
        },
        "loc": {
          "start": { "line": 5, "column": 12 },
          "end": { "line": 11, "column": 1 }
        }
      }
    },
    "branchMap": {},
    "s": { "0": 1, "1": 1, "2": 1 },
    "f": { "0": 1 },
    "b": {}
  }
}
